  [1m[35m (8482.8ms)[0m  [1m[35mDROP DATABASE IF EXISTS "blog_development"[0m
  [1m[36mActiveRecord::SchemaMigration Load (0.5ms)[0m  [1m[34mSELECT "schema_migrations".* FROM "schema_migrations"[0m
  [1m[35m (0.3ms)[0m  [1m[34mSELECT "ar_internal_metadata"."value" FROM "ar_internal_metadata" WHERE "ar_internal_metadata"."key" = $1[0m  [["key", :environment]]
  [1m[36mActiveRecord::SchemaMigration Load (0.2ms)[0m  [1m[34mSELECT "schema_migrations".* FROM "schema_migrations"[0m
  [1m[35m (0.2ms)[0m  [1m[34mSELECT "ar_internal_metadata"."value" FROM "ar_internal_metadata" WHERE "ar_internal_metadata"."key" = $1[0m  [["key", :environment]]
  [1m[36mActiveRecord::SchemaMigration Load (0.3ms)[0m  [1m[34mSELECT "schema_migrations".* FROM "schema_migrations"[0m
  [1m[35m (0.2ms)[0m  [1m[34mSELECT "ar_internal_metadata"."value" FROM "ar_internal_metadata" WHERE "ar_internal_metadata"."key" = $1[0m  [["key", :environment]]
  [1m[35m (201.7ms)[0m  [1m[35mDROP DATABASE IF EXISTS "blog_development"[0m
  [1m[35m (184.9ms)[0m  [1m[35mDROP DATABASE IF EXISTS "blog_test"[0m
  [1m[35m (461.2ms)[0m  [1m[35mCREATE DATABASE "blog_development" ENCODING = 'unicode'[0m
  [1m[35m (393.6ms)[0m  [1m[35mCREATE DATABASE "blog_test" ENCODING = 'unicode'[0m
  [1m[35m (4.3ms)[0m  [1m[35mCREATE TABLE "schema_migrations" ("version" character varying PRIMARY KEY)[0m
  [1m[35m (3.0ms)[0m  [1m[35mCREATE TABLE "ar_internal_metadata" ("key" character varying PRIMARY KEY, "value" character varying, "created_at" timestamp NOT NULL, "updated_at" timestamp NOT NULL)[0m
  [1m[35m (0.3ms)[0m  [1m[34mSELECT pg_try_advisory_lock(892336952976185220);[0m
  [1m[36mActiveRecord::SchemaMigration Load (0.4ms)[0m  [1m[34mSELECT "schema_migrations".* FROM "schema_migrations"[0m
Migrating to CreatePosts (20170103011138)
  [1m[35m (0.2ms)[0m  [1m[35mBEGIN[0m
  [1m[35m (3.4ms)[0m  [1m[35mCREATE TABLE "posts" ("id" serial primary key, "title" character varying, "description" character varying, "body" text, "published_at" timestamp, "created_at" timestamp NOT NULL, "updated_at" timestamp NOT NULL)[0m
  [1m[35mSQL (0.5ms)[0m  [1m[32mINSERT INTO "schema_migrations" ("version") VALUES ($1) RETURNING "version"[0m  [["version", "20170103011138"]]
  [1m[35m (3.5ms)[0m  [1m[35mCOMMIT[0m
  [1m[36mActiveRecord::InternalMetadata Load (0.4ms)[0m  [1m[34mSELECT  "ar_internal_metadata".* FROM "ar_internal_metadata" WHERE "ar_internal_metadata"."key" = $1 LIMIT $2[0m  [["key", :environment], ["LIMIT", 1]]
  [1m[35m (0.2ms)[0m  [1m[35mBEGIN[0m
  [1m[35mSQL (0.6ms)[0m  [1m[32mINSERT INTO "ar_internal_metadata" ("key", "value", "created_at", "updated_at") VALUES ($1, $2, $3, $4) RETURNING "key"[0m  [["key", "environment"], ["value", "development"], ["created_at", 2017-01-03 01:15:03 UTC], ["updated_at", 2017-01-03 01:15:03 UTC]]
  [1m[35m (0.5ms)[0m  [1m[35mCOMMIT[0m
  [1m[35m (0.2ms)[0m  [1m[34mSELECT pg_advisory_unlock(892336952976185220)[0m
  [1m[36mActiveRecord::SchemaMigration Load (0.2ms)[0m  [1m[34mSELECT "schema_migrations".* FROM "schema_migrations"[0m
  [1m[36mActiveRecord::SchemaMigration Load (0.2ms)[0m  [1m[34mSELECT "schema_migrations".* FROM "schema_migrations"[0m
  [1m[35m (0.2ms)[0m  [1m[35mBEGIN[0m
  [1m[35mSQL (0.5ms)[0m  [1m[32mINSERT INTO "posts" ("title", "description", "body", "published_at", "created_at", "updated_at") VALUES ($1, $2, $3, $4, $5, $6) RETURNING "id"[0m  [["title", "My article 0"], ["description", "Lucas ipsum dolor sit amet antilles zabrak tusken raider hutt c-3p0 tusken raider amidala ackbar hutt luke"], ["body", "Lucas ipsum dolor sit amet antilles zabrak tusken raider hutt c-3p0 tusken raider amidala ackbar hutt luke. Mon maul watto binks. Calamari thrawn moff kessel. Darth c-3po luuke grievous tatooine darth darth obi-wan. Kit solo dooku skywalker yavin jinn darth skywalker. Jawa ben mandalore zabrak. Windu padmé mon jade. Darth lobot grievous anakin qui-gonn mace antilles yoda. Bespin dagobah organa wookiee darth droid obi-wan mothma. Dantooine wampa fett kessel k-3po mandalorians thrawn moff. C-3po obi-wan yavin organa binks darth mon solo.\n    Tatooine owen skywalker vader aayla solo. Darth r2-d2 darth moff maul yavin. Darth antilles tusken raider kessel endor. Jinn organa bespin k-3po. Sidious darth calamari watto han dantooine hutt. Greedo ackbar chewbacca moff mandalorians padmé kessel ventress. Lars darth owen organa binks grievous windu. Mustafar greedo dantooine moff. Hutt binks mon jinn binks sidious bothan windu droid. Darth fisto amidala darth moff amidala. Mustafar owen hutt mothma darth. Fisto dagobah calrissian jinn. Ponda hutt fett skywalker zabrak jar qui-gon watto obi-wan.\n    Antilles dantooine palpatine solo amidala grievous. Fett mustafar moff amidala jango. Mara utapau ewok calrissian. Wedge jade antilles darth dagobah. Alderaan dantooine kessel skywalker darth antilles. Obi-wan skywalker jango darth organa. Antilles mara kashyyyk darth skywalker yoda greedo organa. Sidious jango mandalore yoda skywalker kessel. Jade chewbacca jawa mon. Hutt mothma alderaan hutt. Padmé hutt moff gamorrean luke hutt jabba kit. Fett ventress mon organa. Coruscant darth jango secura skywalker moff palpatine."], ["published_at", 2017-01-03 01:15:03 UTC], ["created_at", 2017-01-03 01:15:03 UTC], ["updated_at", 2017-01-03 01:15:03 UTC]]
  [1m[35m (1.0ms)[0m  [1m[35mCOMMIT[0m
  [1m[35m (0.2ms)[0m  [1m[35mBEGIN[0m
  [1m[35mSQL (0.3ms)[0m  [1m[32mINSERT INTO "posts" ("title", "description", "body", "published_at", "created_at", "updated_at") VALUES ($1, $2, $3, $4, $5, $6) RETURNING "id"[0m  [["title", "My article 1"], ["description", "Lucas ipsum dolor sit amet wedge ventress hoth moff antilles moff amidala lobot c-3p0 chewbacca"], ["body", "Lucas ipsum dolor sit amet wedge ventress hoth moff antilles moff amidala lobot c-3p0 chewbacca. Hutt sidious endor antilles. Jawa hutt wedge moff skywalker darth skywalker windu lars. Ben leia droid jango vader. Calamari qui-gonn moff sith aayla hutt hutt antilles moff. Skywalker hutt cade darth luke sebulba. Hutt moff ventress sidious wedge bespin hutt anakin darth. Leia han skywalker mon yoda antilles sebulba. Mothma watto organa palpatine obi-wan tatooine binks. K-3po watto mon organa. Coruscant wedge vader tatooine. \n    Calamari dagobah darth antilles antilles. Organa kessel fett darth darth hutt secura bespin. C-3po moff solo cade watto skywalker darth hutt. Anakin lando darth kit jabba obi-wan tatooine solo mandalore. Skywalker palpatine vader chewbacca chewbacca. Padmé solo darth c-3p0 anakin. Sidious hutt darth owen maul boba skywalker padmé darth. Kashyyyk droid solo maul wicket coruscant moff bothan dooku. Antilles kashyyyk antilles ben maul. Moff antilles moff mandalorians. Endor k-3po organa dantooine skywalker luuke moff hutt. \n    Dagobah naboo hutt solo mandalore zabrak. Secura calrissian grievous ahsoka padmé k-3po fett binks. Organa moff endor luke wedge hoth. Windu antilles darth antilles maul darth yoda mothma boba. Dooku organa jinn organa. Organa dantooine tatooine hutt kashyyyk amidala moff kessel. Fisto sidious mandalorians bespin jabba leia antilles ben. Kessel calamari fett wedge binks darth gonk kenobi. Wookiee jawa r2-d2 ackbar jade moff fett leia kashyyyk. Skywalker tatooine mara alderaan. Solo jinn qui-gon hutt mon solo."], ["published_at", 2017-01-02 01:15:03 UTC], ["created_at", 2017-01-03 01:15:03 UTC], ["updated_at", 2017-01-03 01:15:03 UTC]]
  [1m[35m (0.4ms)[0m  [1m[35mCOMMIT[0m
  [1m[35m (0.1ms)[0m  [1m[35mBEGIN[0m
  [1m[35mSQL (0.3ms)[0m  [1m[32mINSERT INTO "posts" ("title", "description", "body", "published_at", "created_at", "updated_at") VALUES ($1, $2, $3, $4, $5, $6) RETURNING "id"[0m  [["title", "My article 2"], ["description", "Lucas ipsum dolor sit amet boltrunians t'landa selkath watto grievous hobbie owen antemeridian dodonna freedon"], ["body", "Lucas ipsum dolor sit amet boltrunians t'landa selkath watto grievous hobbie owen antemeridian dodonna freedon. Zam jettster kaminoan kitonak kyp derlin lowbacca talz. Mimbanite bardan sing charal. Conan vagaari fode joruus. Coruscant nilgaard moff baba jan moff amanin r4-p17. Onimi -1b letaki antonio moff organa plagueis carondian hobbie. Talz draethos woostoid aramandi dat su. Windu squib dormé gricho yuuzhan -1b. Kit sullustan ponda ulic irek ord utapaun theelin bib. Carondian watto rahm moff desolous. \n    Gorog chazrach frozian umbaran. Kael huk tib sebulba ventress ackbar nar castell dressellian. Medon echani hutt theelin bibble nassau jango. Soontir gank watto ikrit snivvian vagaari priapulin elom. Anzati auril x2 rom massa mod. Iego moff bando glymphid derek cordé spar carondian. Cody frozarns jubnuk gen'dai kenobi. Walon cognus himoran r5-d4. Latter jawa gran zorba bren. Aruzan aurra lyn quermian zhell. Beru yuzzem rodian boba falleen neimoidian. Muzzer calrissian beru firmus jettster tyranus vilim solo kamino. \n    Kaleesh grievous gungan nadon kamino. Mustafar senex r4-p17 winter falleen. Nadon fosh malastare darth piett quadrinaros fel jax bith. Mygeeto kaminoan var breha rancisis sern. Windu dorvalla zhell emtrey. Joelle hutt plagueis firrerreo. Hobbie ulic beru rattatak grodin billaba aurra lando monkey-lizard. Calamari pau'an auril hissa dressellian skywalker kwi. Leia antilles massassi beru anomid gizka kel freedon organa. Sing skywalker calrissian jettster sikan drach'nam. B4-d4 yané droch maul givin."], ["published_at", 2017-01-01 01:15:03 UTC], ["created_at", 2017-01-03 01:15:03 UTC], ["updated_at", 2017-01-03 01:15:03 UTC]]
  [1m[35m (0.5ms)[0m  [1m[35mCOMMIT[0m
Started GET "/posts" for ::1 at 2017-01-02 17:15:09 -0800
  [1m[36mActiveRecord::SchemaMigration Load (0.7ms)[0m  [1m[34mSELECT "schema_migrations".* FROM "schema_migrations"[0m
Processing by PostsController#index as HTML
  [1m[36mPost Load (0.8ms)[0m  [1m[34mSELECT "posts".* FROM "posts"[0m
Completed 200 OK in 18ms (Views: 9.7ms | ActiveRecord: 5.1ms)


Started GET "/posts/1" for ::1 at 2017-01-02 17:15:22 -0800
Processing by PostsController#show as HTML
  Parameters: {"id"=>"1"}
  [1m[36mPost Load (0.7ms)[0m  [1m[34mSELECT  "posts".* FROM "posts" WHERE "posts"."id" = $1 LIMIT $2[0m  [["id", 1], ["LIMIT", 1]]
Completed 200 OK in 15ms (Views: 1.1ms | ActiveRecord: 1.2ms)


